<?xml version="1.0" encoding="UTF-8"?>
<testng-results skipped="0" failed="0" ignored="0" total="1" passed="1">
  <reporter-output>
    <line>
      <![CDATA[<div "result">I live in Moscow (PASSED : 5s)</div>]]>
    </line>
    <line>
      <![CDATA[<div "result">I want to travel to Hawai from 21st Jan 2018 to 30th Jan 2018 (PASSED : 0s)</div>]]>
    </line>
    <line>
      <![CDATA[<div "result">I have a family of 2 adults and 2 kids (PASSED : 0s)</div>]]>
    </line>
    <line>
      <![CDATA[<div "result">I want to book hotel (PASSED : 0s)</div>]]>
    </line>
    <line>
      <![CDATA[<div "result">I search online (PASSED : 0s)</div>]]>
    </line>
    <line>
      <![CDATA[<div "result">I should get hotel below 200 USD per night (PASSED : 0s)</div>]]>
    </line>
    <line>
      <![CDATA[<div "result">I want a beach facing hotel (PASSED : 0s)</div>]]>
    </line>
  </reporter-output>
  <suite name="Surefire suite" duration-ms="9743" started-at="2018-08-18T04:12:40Z" finished-at="2018-08-18T04:12:50Z">
    <groups>
      <group name="cucumber">
        <method signature="AbstractTestNGCucumberTests.runScenario(cucumber.api.testng.PickleEventWrapper, cucumber.api.testng.CucumberFeatureWrapper)[pri:0, instance:Parallel01IT@67b6d4ae]" name="runScenario" class="cucumber.api.testng.AbstractTestNGCucumberTests"/>
      </group> <!-- cucumber -->
    </groups>
    <test name="Surefire test" duration-ms="9743" started-at="2018-08-18T04:12:40Z" finished-at="2018-08-18T04:12:50Z">
      <class name="Parallel01IT">
        <test-method status="PASS" signature="setUpClass()[pri:0, instance:Parallel01IT@67b6d4ae]" name="setUpClass" is-config="true" duration-ms="687" started-at="2018-08-18T04:12:40Z" finished-at="2018-08-18T04:12:41Z">
          <reporter-output>
          </reporter-output>
        </test-method> <!-- setUpClass -->
        <test-method status="PASS" signature="runScenario(cucumber.api.testng.PickleEventWrapper, cucumber.api.testng.CucumberFeatureWrapper)[pri:0, instance:Parallel01IT@67b6d4ae]" name="runScenario" duration-ms="5127" started-at="2018-08-18T04:12:41Z" description="Runs Cucumber Scenarios" data-provider="scenarios" finished-at="2018-08-18T04:12:46Z">
          <params>
            <param index="0">
              <value>
                <![CDATA["Booking Hotel Tickets"]]>
              </value>
            </param>
            <param index="1">
              <value>
                <![CDATA["Booking Tickets"]]>
              </value>
            </param>
          </params>
          <reporter-output>
            <line>
              <![CDATA[<div "result">I live in Moscow (PASSED : 5s)</div>]]>
            </line>
            <line>
              <![CDATA[<div "result">I want to travel to Hawai from 21st Jan 2018 to 30th Jan 2018 (PASSED : 0s)</div>]]>
            </line>
            <line>
              <![CDATA[<div "result">I have a family of 2 adults and 2 kids (PASSED : 0s)</div>]]>
            </line>
            <line>
              <![CDATA[<div "result">I want to book hotel (PASSED : 0s)</div>]]>
            </line>
            <line>
              <![CDATA[<div "result">I search online (PASSED : 0s)</div>]]>
            </line>
            <line>
              <![CDATA[<div "result">I should get hotel below 200 USD per night (PASSED : 0s)</div>]]>
            </line>
            <line>
              <![CDATA[<div "result">I want a beach facing hotel (PASSED : 0s)</div>]]>
            </line>
          </reporter-output>
        </test-method> <!-- runScenario -->
        <test-method status="PASS" signature="tearDownClass()[pri:0, instance:Parallel01IT@67b6d4ae]" name="tearDownClass" is-config="true" duration-ms="3438" started-at="2018-08-18T04:12:46Z" finished-at="2018-08-18T04:12:50Z">
          <reporter-output>
          </reporter-output>
        </test-method> <!-- tearDownClass -->
      </class> <!-- Parallel01IT -->
    </test> <!-- Surefire test -->
  </suite> <!-- Surefire suite -->
</testng-results>
