<?xml version="1.0" encoding="UTF-8"?>
<testng-results skipped="0" failed="0" ignored="0" total="4" passed="4">
  <reporter-output>
  </reporter-output>
  <suite name="Suite B" duration-ms="2066" started-at="2020-05-15T17:38:49 IST" finished-at="2020-05-15T17:38:51 IST">
    <groups>
    </groups>
    <test name="Test BB" duration-ms="2066" started-at="2020-05-15T17:38:49 IST" finished-at="2020-05-15T17:38:51 IST">
      <class name="suiteb.TestBB">
        <test-method status="PASS" signature="testBB()[pri:0, instance:suiteb.TestBB@548e7350]" name="testBB" duration-ms="2008" started-at="2020-05-15T17:38:49 IST" finished-at="2020-05-15T17:38:51 IST">
          <reporter-output>
          </reporter-output>
        </test-method> <!-- testBB -->
      </class> <!-- suiteb.TestBB -->
    </test> <!-- Test BB -->
    <test name="Test B" duration-ms="2065" started-at="2020-05-15T17:38:49 IST" finished-at="2020-05-15T17:38:51 IST">
      <class name="suiteb.TestB">
        <test-method status="PASS" signature="testB()[pri:0, instance:suiteb.TestB@7d9d1a19]" name="testB" duration-ms="2007" started-at="2020-05-15T17:38:49 IST" finished-at="2020-05-15T17:38:51 IST">
          <reporter-output>
          </reporter-output>
        </test-method> <!-- testB -->
      </class> <!-- suiteb.TestB -->
    </test> <!-- Test B -->
  </suite> <!-- Suite B -->
  <suite name="Suite A" duration-ms="2058" started-at="2020-05-15T17:38:49 IST" finished-at="2020-05-15T17:38:51 IST">
    <groups>
    </groups>
    <test name="Test AA" duration-ms="2058" started-at="2020-05-15T17:38:49 IST" finished-at="2020-05-15T17:38:51 IST">
      <class name="suitea.TestAA">
        <test-method status="PASS" signature="testAA()[pri:0, instance:suitea.TestAA@5e3a8624]" name="testAA" duration-ms="2007" started-at="2020-05-15T17:38:49 IST" finished-at="2020-05-15T17:38:51 IST">
          <reporter-output>
          </reporter-output>
        </test-method> <!-- testAA -->
      </class> <!-- suitea.TestAA -->
    </test> <!-- Test AA -->
    <test name="Test A" duration-ms="2057" started-at="2020-05-15T17:38:49 IST" finished-at="2020-05-15T17:38:51 IST">
      <class name="suitea.TestA">
        <test-method status="PASS" signature="testA()[pri:0, instance:suitea.TestA@55f3ddb1]" name="testA" duration-ms="2008" started-at="2020-05-15T17:38:49 IST" finished-at="2020-05-15T17:38:51 IST">
          <reporter-output>
          </reporter-output>
        </test-method> <!-- testA -->
      </class> <!-- suitea.TestA -->
    </test> <!-- Test A -->
  </suite> <!-- Suite A -->
</testng-results>
