<?xml version="1.0" encoding="UTF-8"?>
<!-- Generated by org.testng.reporters.JUnitXMLReporter -->
<testsuite hostname="DESKTOP-NM05SVP" ignored="0" name="My Tests" tests="4" failures="0" timestamp="18 Aug 2018 05:26:11 GMT" time="2.181" errors="0">
  <testcase name="runScenario" time="0.237" classname="cucumber.api.testng.AbstractTestNGCucumberTests"/>
  <testcase name="runScenario" time="1.219" classname="cucumber.api.testng.AbstractTestNGCucumberTests"/>
  <testcase name="runScenario" time="0.01" classname="cucumber.api.testng.AbstractTestNGCucumberTests"/>
  <testcase name="runScenario" time="0.042" classname="cucumber.api.testng.AbstractTestNGCucumberTests"/>
</testsuite> <!-- My Tests -->
