<?xml version="1.0" encoding="UTF-8"?>
<!-- Generated by org.testng.reporters.JUnitXMLReporter -->
<testsuite hostname="DESKTOP-V123S32" ignored="0" name="Purchase Phone Test" tests="3" failures="0" timestamp="2020-05-15T16:18:49 IST" time="0.014" errors="0">
  <testcase name="search" time="0.002" classname="testcases.suiteb.SearchAndPurchasePhoneTest"/>
  <testcase name="selectPhone" time="0.001" classname="testcases.suiteb.SearchAndPurchasePhoneTest"/>
  <testcase name="checkout" time="0.001" classname="testcases.suiteb.SearchAndPurchasePhoneTest"/>
</testsuite> <!-- Purchase Phone Test -->
