<?xml version="1.0" encoding="UTF-8"?>
<testng-results skipped="0" failed="0" ignored="0" total="3" passed="3">
  <reporter-output>
  </reporter-output>
  <suite name="Suite" duration-ms="0" started-at="2020-05-15T17:32:51 IST" finished-at="2020-05-15T17:32:51 IST">
    <groups>
    </groups>
  </suite> <!-- Suite -->
  <suite name="Suite B" duration-ms="2012" started-at="2020-05-15T17:32:49 IST" finished-at="2020-05-15T17:32:51 IST">
    <groups>
    </groups>
    <test name="Test B" duration-ms="2012" started-at="2020-05-15T17:32:49 IST" finished-at="2020-05-15T17:32:51 IST">
      <class name="suiteb.TestB">
        <test-method status="PASS" signature="testB()[pri:0, instance:suiteb.TestB@47ef968d]" name="testB" duration-ms="2002" started-at="2020-05-15T17:32:49 IST" finished-at="2020-05-15T17:32:51 IST">
          <reporter-output>
          </reporter-output>
        </test-method> <!-- testB -->
      </class> <!-- suiteb.TestB -->
    </test> <!-- Test B -->
  </suite> <!-- Suite B -->
  <suite name="Suite A" duration-ms="2052" started-at="2020-05-15T17:32:47 IST" finished-at="2020-05-15T17:32:49 IST">
    <groups>
    </groups>
    <test name="Test AA" duration-ms="2051" started-at="2020-05-15T17:32:47 IST" finished-at="2020-05-15T17:32:49 IST">
      <class name="suitea.TestAA">
        <test-method status="PASS" signature="testAA()[pri:0, instance:suitea.TestAA@4f970963]" name="testAA" duration-ms="2012" started-at="2020-05-15T17:32:47 IST" finished-at="2020-05-15T17:32:49 IST">
          <reporter-output>
          </reporter-output>
        </test-method> <!-- testAA -->
      </class> <!-- suitea.TestAA -->
    </test> <!-- Test AA -->
    <test name="Test A" duration-ms="2052" started-at="2020-05-15T17:32:47 IST" finished-at="2020-05-15T17:32:49 IST">
      <class name="suitea.TestA">
        <test-method status="PASS" signature="testA()[pri:0, instance:suitea.TestA@20398b7c]" name="testA" duration-ms="2012" started-at="2020-05-15T17:32:47 IST" finished-at="2020-05-15T17:32:49 IST">
          <reporter-output>
          </reporter-output>
        </test-method> <!-- testA -->
      </class> <!-- suitea.TestA -->
    </test> <!-- Test A -->
  </suite> <!-- Suite A -->
</testng-results>
