<?xml version="1.0" encoding="UTF-8"?>
<testng-results skipped="0" failed="0" ignored="0" total="4" passed="4">
  <reporter-output>
    <line>
      <![CDATA[<div "result">I go to website www.ebay.com (PASSED : 0s)</div>]]>
    </line>
    <line>
      <![CDATA[<div "result">I search for shirts (PASSED : 0s)</div>]]>
    </line>
    <line>
      <![CDATA[<div "result">I add a shirt in cart (PASSED : 0s)</div>]]>
    </line>
    <line>
      <![CDATA[<div "result">The cart item count should increase (PASSED : 0s)</div>]]>
    </line>
    <line>
      <![CDATA[<div "result">I live in London (PASSED : 0s)</div>]]>
    </line>
    <line>
      <![CDATA[<div "result">I want to go on a holiday (PASSED : 0s)</div>]]>
    </line>
    <line>
      <![CDATA[<div "result">We are 3 adults (PASSED : 0s)</div>]]>
    </line>
    <line>
      <![CDATA[<div "result">We want to book from 10th Feb 2019 to 20th Feb 2019 (PASSED : 0s)</div>]]>
    </line>
    <line>
      <![CDATA[<div "result">I go to travel agent (PASSED : 0s)</div>]]>
    </line>
    <line>
      <![CDATA[<div "result">He should be able to help me in a budget of 1000 USD (PASSED : 0s)</div>]]>
    </line>
    <line>
      <![CDATA[<div "result">He should provide me option to cancel (PASSED : 0s)</div>]]>
    </line>
    <line>
      <![CDATA[<div "result">He should not ask for advance more than 300 USD (PASSED : 0s)</div>]]>
    </line>
    <line>
      <![CDATA[<div "result">I live in London (PASSED : 0s)</div>]]>
    </line>
    <line>
      <![CDATA[<div "result">I want to go on a holiday (PASSED : 0s)</div>]]>
    </line>
    <line>
      <![CDATA[<div "result">We are 3 adults (PASSED : 0s)</div>]]>
    </line>
    <line>
      <![CDATA[<div "result">We want to book flight to Hawai on 10th Feb 2019 (PASSED : 0s)</div>]]>
    </line>
    <line>
      <![CDATA[<div "result">Return Flight on 20th Feb 2019 (PASSED : 0s)</div>]]>
    </line>
    <line>
      <![CDATA[<div "result">I live in London (PASSED : 0s)</div>]]>
    </line>
    <line>
      <![CDATA[<div "result">I want to go on a holiday (PASSED : 0s)</div>]]>
    </line>
    <line>
      <![CDATA[<div "result">We are 3 adults (PASSED : 0s)</div>]]>
    </line>
    <line>
      <![CDATA[<div "result">We want to book flight to Bejing on 21st Apr 2019 (PASSED : 0s)</div>]]>
    </line>
    <line>
      <![CDATA[<div "result">Return Flight on 25th Apr 2019 (PASSED : 0s)</div>]]>
    </line>
  </reporter-output>
  <suite name="BDD Test Suite" duration-ms="1821" started-at="2018-08-18T05:36:52Z" finished-at="2018-08-18T05:36:54Z">
    <groups>
      <group name="cucumber">
        <method signature="AbstractTestNGCucumberTests.runScenario(cucumber.api.testng.PickleEventWrapper, cucumber.api.testng.CucumberFeatureWrapper)[pri:0, instance:com.qtpselenium.cucumber.MyTestngRunner@5a01ccaa]" name="runScenario" class="cucumber.api.testng.AbstractTestNGCucumberTests"/>
      </group> <!-- cucumber -->
    </groups>
    <test name="My Tests" duration-ms="1821" started-at="2018-08-18T05:36:52Z" finished-at="2018-08-18T05:36:54Z">
      <class name="com.qtpselenium.cucumber.MyTestngRunner">
        <test-method status="PASS" signature="setUpClass()[pri:0, instance:com.qtpselenium.cucumber.MyTestngRunner@5a01ccaa]" name="setUpClass" is-config="true" duration-ms="325" started-at="2018-08-18T05:36:52Z" finished-at="2018-08-18T05:36:52Z">
          <reporter-output>
          </reporter-output>
        </test-method> <!-- setUpClass -->
        <test-method status="PASS" signature="runScenario(cucumber.api.testng.PickleEventWrapper, cucumber.api.testng.CucumberFeatureWrapper)[pri:0, instance:com.qtpselenium.cucumber.MyTestngRunner@5a01ccaa]" name="runScenario" duration-ms="183" started-at="2018-08-18T05:36:53Z" description="Runs Cucumber Scenarios" data-provider="scenarios" finished-at="2018-08-18T05:36:53Z">
          <params>
            <param index="0">
              <value>
                <![CDATA["Title of your scenario"]]>
              </value>
            </param>
            <param index="1">
              <value>
                <![CDATA["I want to shop"]]>
              </value>
            </param>
          </params>
          <reporter-output>
            <line>
              <![CDATA[<div "result">I go to website www.ebay.com (PASSED : 0s)</div>]]>
            </line>
            <line>
              <![CDATA[<div "result">I search for shirts (PASSED : 0s)</div>]]>
            </line>
            <line>
              <![CDATA[<div "result">I add a shirt in cart (PASSED : 0s)</div>]]>
            </line>
            <line>
              <![CDATA[<div "result">The cart item count should increase (PASSED : 0s)</div>]]>
            </line>
          </reporter-output>
        </test-method> <!-- runScenario -->
        <test-method status="PASS" signature="runScenario(cucumber.api.testng.PickleEventWrapper, cucumber.api.testng.CucumberFeatureWrapper)[pri:0, instance:com.qtpselenium.cucumber.MyTestngRunner@5a01ccaa]" name="runScenario" duration-ms="975" started-at="2018-08-18T05:36:53Z" description="Runs Cucumber Scenarios" data-provider="scenarios" finished-at="2018-08-18T05:36:54Z">
          <params>
            <param index="0">
              <value>
                <![CDATA["I want to book hotel"]]>
              </value>
            </param>
            <param index="1">
              <value>
                <![CDATA["Going on holiday"]]>
              </value>
            </param>
          </params>
          <reporter-output>
            <line>
              <![CDATA[<div "result">I live in London (PASSED : 0s)</div>]]>
            </line>
            <line>
              <![CDATA[<div "result">I want to go on a holiday (PASSED : 0s)</div>]]>
            </line>
            <line>
              <![CDATA[<div "result">We are 3 adults (PASSED : 0s)</div>]]>
            </line>
            <line>
              <![CDATA[<div "result">We want to book from 10th Feb 2019 to 20th Feb 2019 (PASSED : 0s)</div>]]>
            </line>
            <line>
              <![CDATA[<div "result">I go to travel agent (PASSED : 0s)</div>]]>
            </line>
            <line>
              <![CDATA[<div "result">He should be able to help me in a budget of 1000 USD (PASSED : 0s)</div>]]>
            </line>
            <line>
              <![CDATA[<div "result">He should provide me option to cancel (PASSED : 0s)</div>]]>
            </line>
            <line>
              <![CDATA[<div "result">He should not ask for advance more than 300 USD (PASSED : 0s)</div>]]>
            </line>
          </reporter-output>
        </test-method> <!-- runScenario -->
        <test-method status="PASS" signature="runScenario(cucumber.api.testng.PickleEventWrapper, cucumber.api.testng.CucumberFeatureWrapper)[pri:0, instance:com.qtpselenium.cucumber.MyTestngRunner@5a01ccaa]" name="runScenario" duration-ms="12" started-at="2018-08-18T05:36:54Z" description="Runs Cucumber Scenarios" data-provider="scenarios" finished-at="2018-08-18T05:36:54Z">
          <params>
            <param index="0">
              <value>
                <![CDATA["I want to book Flight"]]>
              </value>
            </param>
            <param index="1">
              <value>
                <![CDATA["Going on holiday"]]>
              </value>
            </param>
          </params>
          <reporter-output>
            <line>
              <![CDATA[<div "result">I live in London (PASSED : 0s)</div>]]>
            </line>
            <line>
              <![CDATA[<div "result">I want to go on a holiday (PASSED : 0s)</div>]]>
            </line>
            <line>
              <![CDATA[<div "result">We are 3 adults (PASSED : 0s)</div>]]>
            </line>
            <line>
              <![CDATA[<div "result">We want to book flight to Hawai on 10th Feb 2019 (PASSED : 0s)</div>]]>
            </line>
            <line>
              <![CDATA[<div "result">Return Flight on 20th Feb 2019 (PASSED : 0s)</div>]]>
            </line>
          </reporter-output>
        </test-method> <!-- runScenario -->
        <test-method status="PASS" signature="runScenario(cucumber.api.testng.PickleEventWrapper, cucumber.api.testng.CucumberFeatureWrapper)[pri:0, instance:com.qtpselenium.cucumber.MyTestngRunner@5a01ccaa]" name="runScenario" duration-ms="10" started-at="2018-08-18T05:36:54Z" description="Runs Cucumber Scenarios" data-provider="scenarios" finished-at="2018-08-18T05:36:54Z">
          <params>
            <param index="0">
              <value>
                <![CDATA["I want to book Flight"]]>
              </value>
            </param>
            <param index="1">
              <value>
                <![CDATA["Going on holiday"]]>
              </value>
            </param>
          </params>
          <reporter-output>
            <line>
              <![CDATA[<div "result">I live in London (PASSED : 0s)</div>]]>
            </line>
            <line>
              <![CDATA[<div "result">I want to go on a holiday (PASSED : 0s)</div>]]>
            </line>
            <line>
              <![CDATA[<div "result">We are 3 adults (PASSED : 0s)</div>]]>
            </line>
            <line>
              <![CDATA[<div "result">We want to book flight to Bejing on 21st Apr 2019 (PASSED : 0s)</div>]]>
            </line>
            <line>
              <![CDATA[<div "result">Return Flight on 25th Apr 2019 (PASSED : 0s)</div>]]>
            </line>
          </reporter-output>
        </test-method> <!-- runScenario -->
        <test-method status="PASS" signature="tearDownClass()[pri:0, instance:com.qtpselenium.cucumber.MyTestngRunner@5a01ccaa]" name="tearDownClass" is-config="true" duration-ms="165" started-at="2018-08-18T05:36:54Z" finished-at="2018-08-18T05:36:54Z">
          <reporter-output>
          </reporter-output>
        </test-method> <!-- tearDownClass -->
      </class> <!-- com.qtpselenium.cucumber.MyTestngRunner -->
    </test> <!-- My Tests -->
  </suite> <!-- BDD Test Suite -->
</testng-results>
