<?xml version="1.0" encoding="UTF-8"?>
<!-- Generated by org.testng.reporters.JUnitXMLReporter -->
<testsuite hostname="DESKTOP-NM05SVP" ignored="0" name="My Tests" tests="4" failures="0" timestamp="05 Aug 2018 11:44:42 GMT" time="20.742" errors="0">
  <testcase name="runScenario" time="5.053" classname="cucumber.api.testng.AbstractTestNGCucumberTests"/>
  <testcase name="runScenario" time="5.067" classname="cucumber.api.testng.AbstractTestNGCucumberTests"/>
  <testcase name="runScenario" time="5.055" classname="cucumber.api.testng.AbstractTestNGCucumberTests"/>
  <testcase name="runScenario" time="5.019" classname="cucumber.api.testng.AbstractTestNGCucumberTests"/>
</testsuite> <!-- My Tests -->
