<?xml version="1.0" encoding="UTF-8"?>
<!-- Generated by org.testng.reporters.JUnitXMLReporter -->
<testsuite hostname="DESKTOP-V123S32" ignored="0" name="Create User Test" tests="6" failures="0" timestamp="2020-05-15T16:18:49 IST" time="0.025" errors="0">
  <testcase name="createUser" time="0.002" classname="testcases.suitea.CreateUser"/>
  <testcase name="createUser" time="0.001" classname="testcases.suitea.CreateUser"/>
  <testcase name="createUser" time="0.002" classname="testcases.suitea.CreateUser"/>
  <testcase name="deleteUser" time="0.001" classname="testcases.suitea.CreateUser"/>
  <testcase name="deleteUser" time="0.001" classname="testcases.suitea.CreateUser"/>
  <testcase name="deleteUser" time="0.001" classname="testcases.suitea.CreateUser"/>
</testsuite> <!-- Create User Test -->
