<?xml version="1.0" encoding="UTF-8"?>
<!-- Generated by org.testng.reporters.JUnitXMLReporter -->
<testsuite hostname="DESKTOP-V123S32" ignored="0" name="Booking" tests="4" failures="2" timestamp="2020-06-03T07:41:58 IST" time="0.067" errors="0">
  <testcase name="checkout" time="0.011" classname="tests.Booking">
    <failure type="java.lang.AssertionError" message="null">
      <![CDATA[java.lang.AssertionError: null
at tests.Booking.checkout(Booking.java:22)
at java.util.ArrayList.forEach(Unknown Source)
... Removed 29 stack frames]]>
    </failure>
  </testcase> <!-- checkout -->
  <testcase name="confirm" time="0.001" classname="tests.Booking"/>
  <testcase name="search" time="0.001" classname="tests.Booking">
    <failure type="java.lang.AssertionError" message="null">
      <![CDATA[java.lang.AssertionError: null
at tests.Booking.search(Booking.java:10)
at java.util.ArrayList.forEach(Unknown Source)
... Removed 29 stack frames]]>
    </failure>
  </testcase> <!-- search -->
  <testcase name="select" time="0.001" classname="tests.Booking"/>
</testsuite> <!-- Booking -->
