<?xml version="1.0" encoding="UTF-8"?>
<testng-results skipped="0" failed="0" ignored="0" total="1" passed="1">
  <reporter-output>
  </reporter-output>
  <suite name="Default suite" duration-ms="5962" started-at="2021-03-18T07:16:48Z" finished-at="2021-03-18T07:16:54Z">
    <groups>
    </groups>
    <test name="Default test" duration-ms="5962" started-at="2021-03-18T07:16:48Z" finished-at="2021-03-18T07:16:54Z">
      <class name="downloadandupload.IE_Download">
        <test-method status="PASS" signature="download()[pri:0, instance:downloadandupload.IE_Download@192d43ce]" name="download" duration-ms="5915" started-at="2021-03-18T07:16:48Z" finished-at="2021-03-18T07:16:54Z">
          <reporter-output>
          </reporter-output>
        </test-method> <!-- download -->
      </class> <!-- downloadandupload.IE_Download -->
    </test> <!-- Default test -->
  </suite> <!-- Default suite -->
</testng-results>
