<?xml version="1.0" encoding="UTF-8"?>
<testsuite xmlns:xsi="http://www.w3.org/2001/XMLSchema-instance" xsi:noNamespaceSchemaLocation="https://maven.apache.org/surefire/maven-surefire-plugin/xsd/surefire-test-report-3.0.xsd" version="3.0" name="TestSuite" time="0.533" tests="1" errors="0" skipped="0" failures="1">
  <properties>
[...]
</properties>
  <testcase name="register" classname="testcases.suiteb.ValidateUserRegTest" time="0.016">
    <failure message="The following asserts failed:&#10;	expected [XYZA] but found [XYZ],&#10;	Element not found did not expect to find [true] but found [false],&#10;	Submit button was not there" type="java.lang.AssertionError"><![CDATA[java.lang.AssertionError: 
The following asserts failed:
	expected [XYZA] but found [XYZ],
	Element not found did not expect to find [true] but found [false],
	Submit button was not there
	at testcases.suiteb.ValidateUserRegTest.register(ValidateUserRegTest.java:20)
]]></failure>
  </testcase>
</testsuite>