<?xml version="1.0" encoding="UTF-8"?>
<!-- Generated by org.testng.reporters.JUnitXMLReporter -->
<testsuite hostname="DESKTOP-NM05SVP" ignored="0" name="My Tests" tests="4" failures="0" timestamp="18 Aug 2018 05:36:54 GMT" time="1.821" errors="0">
  <testcase name="runScenario" time="0.183" classname="cucumber.api.testng.AbstractTestNGCucumberTests"/>
  <testcase name="runScenario" time="0.975" classname="cucumber.api.testng.AbstractTestNGCucumberTests"/>
  <testcase name="runScenario" time="0.012" classname="cucumber.api.testng.AbstractTestNGCucumberTests"/>
  <testcase name="runScenario" time="0.01" classname="cucumber.api.testng.AbstractTestNGCucumberTests"/>
</testsuite> <!-- My Tests -->
