<?xml version="1.0" encoding="UTF-8"?>
<testng-results skipped="0" failed="0" ignored="0" total="1" passed="1">
  <reporter-output>
  </reporter-output>
  <suite name="Default suite" duration-ms="8197" started-at="2020-07-08T19:45:51 IST" finished-at="2020-07-08T19:45:59 IST">
    <groups>
    </groups>
    <test name="Default test" duration-ms="8197" started-at="2020-07-08T19:45:51 IST" finished-at="2020-07-08T19:45:59 IST">
      <class name="exercises6.Bankbazaar">
        <test-method status="PASS" signature="bank()[pri:0, instance:exercises6.Bankbazaar@4e7dc304]" name="bank" duration-ms="8153" started-at="2020-07-08T19:45:51 IST" finished-at="2020-07-08T19:45:59 IST">
          <reporter-output>
          </reporter-output>
        </test-method> <!-- bank -->
      </class> <!-- exercises6.Bankbazaar -->
    </test> <!-- Default test -->
  </suite> <!-- Default suite -->
</testng-results>
